[debug] [2019-05-04T19:43:19.930Z] ----------------------------------------------------------------------
[debug] [2019-05-04T19:43:19.932Z] Command:       /Users/carlosalbertosalgado1/.nvm/versions/node/v11.14.0/bin/node /Users/carlosalbertosalgado1/.nvm/versions/node/v11.14.0/bin/firebase serve
[debug] [2019-05-04T19:43:19.933Z] CLI Version:   6.8.0
[debug] [2019-05-04T19:43:19.933Z] Platform:      darwin
[debug] [2019-05-04T19:43:19.933Z] Node Version:  v11.14.0
[debug] [2019-05-04T19:43:19.939Z] Time:          Sat May 04 2019 14:43:19 GMT-0500 (Colombia Standard Time)
[debug] [2019-05-04T19:43:19.939Z] ----------------------------------------------------------------------
[debug] 
[debug] [2019-05-04T19:43:19.949Z] > command requires scopes: ["email","openid","https://www.googleapis.com/auth/cloudplatformprojects.readonly","https://www.googleapis.com/auth/firebase","https://www.googleapis.com/auth/cloud-platform"]
[debug] [2019-05-04T19:43:19.949Z] > authorizing via signed-in user
[debug] [2019-05-04T19:43:19.949Z] [iam] checking project tracker-4d4e1 for permissions ["firebase.projects.get"]
[debug] [2019-05-04T19:43:19.951Z] >>> HTTP REQUEST POST https://cloudresourcemanager.googleapis.com/v1/projects/tracker-4d4e1:testIamPermissions  

[debug] [2019-05-04T19:43:20.341Z] <<< HTTP RESPONSE 200
[debug] [2019-05-04T19:43:20.343Z] >>> HTTP REQUEST GET https://cloudresourcemanager.googleapis.com/v1/projects/tracker-4d4e1  
 
[debug] [2019-05-04T19:43:20.746Z] <<< HTTP RESPONSE 200
[info] 
[info] === Serving from '/Users/carlosalbertosalgado1/Desktop/tracker'...
[info] 
[debug] [2019-05-04T19:43:20.757Z] >>> HTTP REQUEST GET https://mobilesdk-pa.googleapis.com/v1/projects/102325833706/clients/_:getWebAppConfig  
 
[debug] [2019-05-04T19:43:21.433Z] <<< HTTP RESPONSE 200
[info] i  hosting: Serving hosting files from: public
[info] ✔  hosting: Local server: http://localhost:5000
